Removed Member From Class: ClassName=VLP Member=Sensor Group B
Removed Member From Class: ClassName=VLP Member=Sensor Group C
Removed Member From Class: ClassName=VLP Member=Sensor Group D
Change Component Designator: OldDesignator=Sensor array 1 NewDesignator=Sensor array A
Added Component: Designator=Sensor array B(FPC连接器-10P)
Add component. Clean all parameters for all variants
Added Component: Designator=Sensor array C(FPC连接器-10P)
Add component. Clean all parameters for all variants
Added Component: Designator=Sensor array D(FPC连接器-10P)
Add component. Clean all parameters for all variants
Added Pin To Net: NetName=SB1 Pin=Sensor array B-1
Added Pin To Net: NetName=SB2 Pin=Sensor array B-2
Added Pin To Net: NetName=SB3 Pin=Sensor array B-3
Added Pin To Net: NetName=SB4 Pin=Sensor array B-4
Added Pin To Net: NetName=SB5 Pin=Sensor array B-5
Added Pin To Net: NetName=SB6 Pin=Sensor array B-6
Added Pin To Net: NetName=SB7 Pin=Sensor array B-7
Added Pin To Net: NetName=SB8 Pin=Sensor array B-8
Added Pin To Net: NetName=+5V Pin=Sensor array B-9
Added Pin To Net: NetName=+5V Pin=Sensor array B-10
Added Pin To Net: NetName=SC1 Pin=Sensor array C-1
Added Pin To Net: NetName=SC2 Pin=Sensor array C-2
Added Pin To Net: NetName=SC3 Pin=Sensor array C-3
Added Pin To Net: NetName=SC4 Pin=Sensor array C-4
Added Pin To Net: NetName=SC5 Pin=Sensor array C-5
Added Pin To Net: NetName=SC6 Pin=Sensor array C-6
Added Pin To Net: NetName=SC7 Pin=Sensor array C-7
Added Pin To Net: NetName=SC8 Pin=Sensor array C-8
Added Pin To Net: NetName=+5V Pin=Sensor array C-9
Added Pin To Net: NetName=+5V Pin=Sensor array C-10
Added Pin To Net: NetName=SD1 Pin=Sensor array D-1
Added Pin To Net: NetName=SD2 Pin=Sensor array D-2
Added Pin To Net: NetName=SD3 Pin=Sensor array D-3
Added Pin To Net: NetName=SD4 Pin=Sensor array D-4
Added Pin To Net: NetName=SD5 Pin=Sensor array D-5
Added Pin To Net: NetName=SD6 Pin=Sensor array D-6
Added Pin To Net: NetName=SD7 Pin=Sensor array D-7
Added Pin To Net: NetName=SD8 Pin=Sensor array D-8
Added Pin To Net: NetName=+5V Pin=Sensor array D-9
Added Pin To Net: NetName=+5V Pin=Sensor array D-10
Added Member To Class: ClassName=VLP Member=Component Sensor array B FPC连接件
Added Member To Class: ClassName=VLP Member=Component Sensor array C FPC连接件
Added Member To Class: ClassName=VLP Member=Component Sensor array D FPC连接件
