Added Component: Designator=MUX1(MAX4581)
Add component. Clean all parameters for all variants
Add component (AddParameter): Name = "MUX"; Value = "MAX4581"; VariantName = "[No Variations]"
Added Component: Designator=MUX2(MAX4581)
Add component. Clean all parameters for all variants
Add component (AddParameter): Name = "MUX"; Value = "MAX4581"; VariantName = "[No Variations]"
Added Component: Designator=MUX3(MAX4581)
Add component. Clean all parameters for all variants
Add component (AddParameter): Name = "MUX"; Value = "MAX4581"; VariantName = "[No Variations]"
Added Component: Designator=MUX4(MAX4581)
Add component. Clean all parameters for all variants
Add component (AddParameter): Name = "MUX"; Value = "MAX4581"; VariantName = "[No Variations]"
Added Pin To Net: NetName=SA5 Pin=MUX1-1
Added Pin To Net: NetName=SA7 Pin=MUX1-2
Added Pin To Net: NetName=SA Pin=MUX1-3
Added Pin To Net: NetName=SA8 Pin=MUX1-4
Added Pin To Net: NetName=SA6 Pin=MUX1-5
Added Pin To Net: NetName=+5V Pin=MUX1-6
Added Pin To Net: NetName=GND Pin=MUX1-7
Added Pin To Net: NetName=GND Pin=MUX1-8
Added Pin To Net: NetName=C Pin=MUX1-9
Added Pin To Net: NetName=B Pin=MUX1-10
Added Pin To Net: NetName=A Pin=MUX1-11
Added Pin To Net: NetName=SA4 Pin=MUX1-12
Added Pin To Net: NetName=SA1 Pin=MUX1-13
Added Pin To Net: NetName=SA2 Pin=MUX1-14
Added Pin To Net: NetName=SA3 Pin=MUX1-15
Added Pin To Net: NetName=+5V Pin=MUX1-16
Added Pin To Net: NetName=SB5 Pin=MUX2-1
Added Pin To Net: NetName=SB7 Pin=MUX2-2
Added Pin To Net: NetName=SB Pin=MUX2-3
Added Pin To Net: NetName=SB8 Pin=MUX2-4
Added Pin To Net: NetName=SB6 Pin=MUX2-5
Added Pin To Net: NetName=+5V Pin=MUX2-6
Added Pin To Net: NetName=GND Pin=MUX2-7
Added Pin To Net: NetName=GND Pin=MUX2-8
Added Pin To Net: NetName=C Pin=MUX2-9
Added Pin To Net: NetName=B Pin=MUX2-10
Added Pin To Net: NetName=A Pin=MUX2-11
Added Pin To Net: NetName=SB4 Pin=MUX2-12
Added Pin To Net: NetName=SB1 Pin=MUX2-13
Added Pin To Net: NetName=SB2 Pin=MUX2-14
Added Pin To Net: NetName=SB3 Pin=MUX2-15
Added Pin To Net: NetName=+5V Pin=MUX2-16
Added Pin To Net: NetName=SD5 Pin=MUX3-1
Added Pin To Net: NetName=SD7 Pin=MUX3-2
Added Pin To Net: NetName=SD Pin=MUX3-3
Added Pin To Net: NetName=SD8 Pin=MUX3-4
Added Pin To Net: NetName=SD6 Pin=MUX3-5
Added Pin To Net: NetName=+5V Pin=MUX3-6
Added Pin To Net: NetName=GND Pin=MUX3-7
Added Pin To Net: NetName=GND Pin=MUX3-8
Added Pin To Net: NetName=C Pin=MUX3-9
Added Pin To Net: NetName=B Pin=MUX3-10
Added Pin To Net: NetName=A Pin=MUX3-11
Added Pin To Net: NetName=SD4 Pin=MUX3-12
Added Pin To Net: NetName=SD1 Pin=MUX3-13
Added Pin To Net: NetName=SD2 Pin=MUX3-14
Added Pin To Net: NetName=SD3 Pin=MUX3-15
Added Pin To Net: NetName=+5V Pin=MUX3-16
Added Pin To Net: NetName=SC5 Pin=MUX4-1
Added Pin To Net: NetName=SC7 Pin=MUX4-2
Added Pin To Net: NetName=SC Pin=MUX4-3
Added Pin To Net: NetName=SC8 Pin=MUX4-4
Added Pin To Net: NetName=SC6 Pin=MUX4-5
Added Pin To Net: NetName=+5V Pin=MUX4-6
Added Pin To Net: NetName=GND Pin=MUX4-7
Added Pin To Net: NetName=GND Pin=MUX4-8
Added Pin To Net: NetName=C Pin=MUX4-9
Added Pin To Net: NetName=B Pin=MUX4-10
Added Pin To Net: NetName=A Pin=MUX4-11
Added Pin To Net: NetName=SC4 Pin=MUX4-12
Added Pin To Net: NetName=SC1 Pin=MUX4-13
Added Pin To Net: NetName=SC2 Pin=MUX4-14
Added Pin To Net: NetName=SC3 Pin=MUX4-15
Added Pin To Net: NetName=+5V Pin=MUX4-16
Added Pin To Net: NetName=SA1 Pin=Sensor Group A-1
Added Pin To Net: NetName=SA2 Pin=Sensor Group A-2
Added Pin To Net: NetName=SA3 Pin=Sensor Group A-3
Added Pin To Net: NetName=SA4 Pin=Sensor Group A-4
Added Pin To Net: NetName=SA5 Pin=Sensor Group A-5
Added Pin To Net: NetName=SA6 Pin=Sensor Group A-6
Added Pin To Net: NetName=SA7 Pin=Sensor Group A-7
Added Pin To Net: NetName=SA8 Pin=Sensor Group A-8
Added Pin To Net: NetName=+5V Pin=Sensor Group A-9
Added Pin To Net: NetName=+5V Pin=Sensor Group A-10
Added Pin To Net: NetName=SB1 Pin=Sensor Group B-1
Added Pin To Net: NetName=SB2 Pin=Sensor Group B-2
Added Pin To Net: NetName=SB3 Pin=Sensor Group B-3
Added Pin To Net: NetName=SB4 Pin=Sensor Group B-4
Added Pin To Net: NetName=SB5 Pin=Sensor Group B-5
Added Pin To Net: NetName=SB6 Pin=Sensor Group B-6
Added Pin To Net: NetName=SB7 Pin=Sensor Group B-7
Added Pin To Net: NetName=SB8 Pin=Sensor Group B-8
Added Pin To Net: NetName=+5V Pin=Sensor Group B-9
Added Pin To Net: NetName=+5V Pin=Sensor Group B-10
Added Pin To Net: NetName=SC1 Pin=Sensor Group C-1
Added Pin To Net: NetName=SC2 Pin=Sensor Group C-2
Added Pin To Net: NetName=SC3 Pin=Sensor Group C-3
Added Pin To Net: NetName=SC4 Pin=Sensor Group C-4
Added Pin To Net: NetName=SC5 Pin=Sensor Group C-5
Added Pin To Net: NetName=SC6 Pin=Sensor Group C-6
Added Pin To Net: NetName=SC7 Pin=Sensor Group C-7
Added Pin To Net: NetName=SC8 Pin=Sensor Group C-8
Added Pin To Net: NetName=+5V Pin=Sensor Group C-9
Added Pin To Net: NetName=+5V Pin=Sensor Group C-10
Added Pin To Net: NetName=SD1 Pin=Sensor Group D-1
Added Pin To Net: NetName=SD2 Pin=Sensor Group D-2
Added Pin To Net: NetName=SD3 Pin=Sensor Group D-3
Added Pin To Net: NetName=SD4 Pin=Sensor Group D-4
Added Pin To Net: NetName=SD5 Pin=Sensor Group D-5
Added Pin To Net: NetName=SD6 Pin=Sensor Group D-6
Added Pin To Net: NetName=SD7 Pin=Sensor Group D-7
Added Pin To Net: NetName=SD8 Pin=Sensor Group D-8
Added Pin To Net: NetName=+5V Pin=Sensor Group D-9
Added Pin To Net: NetName=+5V Pin=Sensor Group D-10
Added Member To Class: ClassName=VLP Member=Component MUX1 MAX4581
Added Member To Class: ClassName=VLP Member=Component MUX2 MAX4581
Added Member To Class: ClassName=VLP Member=Component MUX3 MAX4581
Added Member To Class: ClassName=VLP Member=Component MUX4 MAX4581
