Change Physical Footprint: Designator=MUX1 Old Footprint=MAX4581 New Footprint=MAX4581
Change Physical Footprint: Designator=MUX2 Old Footprint=MAX4581 New Footprint=MAX4581
Change Physical Footprint: Designator=MUX3 Old Footprint=MAX4581 New Footprint=MAX4581
Change Physical Footprint: Designator=MUX4 Old Footprint=MAX4581 New Footprint=MAX4581
Change Physical Footprint: Designator=R1 Old Footprint=0603c New Footprint=0603c
Change Physical Footprint: Designator=R2 Old Footprint=0603c New Footprint=0603c
Change Physical Footprint: Designator=R3 Old Footprint=0603c New Footprint=0603c
Change Physical Footprint: Designator=R4 Old Footprint=0603c New Footprint=0603c
Change Physical Footprint: Designator=R5 Old Footprint=0603c New Footprint=0603c
Change Physical Footprint: Designator=R6 Old Footprint=0603c New Footprint=0603c
Change Physical Footprint: Designator=R7 Old Footprint=0603c New Footprint=0603c
Change Physical Footprint: Designator=R8 Old Footprint=0603c New Footprint=0603c
Change Physical Footprint: Designator=R9 Old Footprint=0603c New Footprint=0603c
Change Physical Footprint: Designator=R10 Old Footprint=0603c New Footprint=0603c
Change Physical Footprint: Designator=R11 Old Footprint=0603c New Footprint=0603c
Change Physical Footprint: Designator=R12 Old Footprint=0603c New Footprint=0603c
Change Physical Footprint: Designator=R13 Old Footprint=0603c New Footprint=0603c
Change Physical Footprint: Designator=R14 Old Footprint=0603c New Footprint=0603c
Change Physical Footprint: Designator=R15 Old Footprint=0603c New Footprint=0603c
Change Physical Footprint: Designator=R16 Old Footprint=0603c New Footprint=0603c
Change Physical Footprint: Designator=R17 Old Footprint=0603c New Footprint=0603c
Change Physical Footprint: Designator=R18 Old Footprint=0603c New Footprint=0603c
Change Physical Footprint: Designator=R19 Old Footprint=0603c New Footprint=0603c
Change Physical Footprint: Designator=R20 Old Footprint=0603c New Footprint=0603c
Change Physical Footprint: Designator=R21 Old Footprint=0603c New Footprint=0603c
Change Physical Footprint: Designator=R22 Old Footprint=0603c New Footprint=0603c
Change Physical Footprint: Designator=R23 Old Footprint=0603c New Footprint=0603c
Change Physical Footprint: Designator=R24 Old Footprint=0603c New Footprint=0603c
Change Physical Footprint: Designator=R25 Old Footprint=0603c New Footprint=0603c
Change Physical Footprint: Designator=R26 Old Footprint=0603c New Footprint=0603c
Change Physical Footprint: Designator=R27 Old Footprint=0603c New Footprint=0603c
Change Physical Footprint: Designator=R28 Old Footprint=0603c New Footprint=0603c
Change Physical Footprint: Designator=R29 Old Footprint=0603c New Footprint=0603c
Change Physical Footprint: Designator=R30 Old Footprint=0603c New Footprint=0603c
Change Physical Footprint: Designator=R31 Old Footprint=0603c New Footprint=0603c
Change Physical Footprint: Designator=R32 Old Footprint=0603c New Footprint=0603c
Change Physical Footprint: Designator=Sensor array A Old Footprint=FPC连接器-10P New Footprint=FPC连接器-10P
Change Physical Footprint: Designator=Sensor array B Old Footprint=FPC连接器-10P New Footprint=FPC连接器-10P
Change Physical Footprint: Designator=Sensor array C Old Footprint=FPC连接器-10P New Footprint=FPC连接器-10P
Change Physical Footprint: Designator=Sensor array D Old Footprint=FPC连接器-10P New Footprint=FPC连接器-10P
